app/build/outputs/logs/manifest-merger-debug-report.txt
-- Merging decision tree log ---
manifest
ADDED from src\main\AndroidManifest.xml:3:1-37:12
	package
		ADDED from src\main\AndroidManifest.xml:4:5-48
		INJECTED from src\main\AndroidManifest.xml
		INJECTED from src\main\AndroidManifest.xml
	android:versionName
		ADDED from src\main\AndroidManifest.xml:5:5-41
		INJECTED from src\main\AndroidManifest.xml
		INJECTED from src\main\AndroidManifest.xml
	xmlns:android
		ADDED from src\main\AndroidManifest.xml:3:11-69
uses-permission#android.permission.WRITE_EXTERNAL_STORAGE
ADDED from src\main\AndroidManifest.xml:7:5-81
	android:name
		ADDED from src\main\AndroidManifest.xml:7:22-78
uses-sdk
ADDED from src\main\AndroidManifest.xml:9:5-11:40
	android:targetSdkVersion
		ADDED from src\main\AndroidManifest.xml:11:8-37
		INJECTED from src\main\AndroidManifest.xml
		INJECTED from src\main\AndroidManifest.xml
	android:minSdkVersion
		ADDED from src\main\AndroidManifest.xml:10:9-35
		INJECTED from src\main\AndroidManifest.xml
		INJECTED from src\main\AndroidManifest.xml
application
ADDED from src\main\AndroidManifest.xml:12:5-35:19
	android:label
		ADDED from src\main\AndroidManifest.xml:12:18-43
activity#com.example.vinothramss.Sher_Lock.GestureBuilderActivity
ADDED from src\main\AndroidManifest.xml:13:9-23:20
	android:label
		ADDED from src\main\AndroidManifest.xml:16:13-53
	android:icon
		ADDED from src\main\AndroidManifest.xml:15:13-49
	android:name
		ADDED from src\main\AndroidManifest.xml:14:13-84
intent-filter#android.intent.action.MAIN+android.intent.category.DEFAULT+android.intent.category.LAUNCHER
ADDED from src\main\AndroidManifest.xml:17:13-22:29
action#android.intent.action.MAIN
ADDED from src\main\AndroidManifest.xml:18:17-69
	android:name
		ADDED from src\main\AndroidManifest.xml:18:25-66
category#android.intent.category.LAUNCHER
ADDED from src\main\AndroidManifest.xml:20:17-77
	android:name
		ADDED from src\main\AndroidManifest.xml:20:27-74
category#android.intent.category.DEFAULT
ADDED from src\main\AndroidManifest.xml:21:17-76
	android:name
		ADDED from src\main\AndroidManifest.xml:21:27-73
activity#com.example.vinothramss.Sher_Lock.CreateActivity
ADDED from src\main\AndroidManifest.xml:24:9-26:60
	android:label
		ADDED from src\main\AndroidManifest.xml:26:13-57
	android:name
		ADDED from src\main\AndroidManifest.xml:25:13-76
activity#com.example.vinothramss.Sher_Lock.UserOptionsActivity
ADDED from src\main\AndroidManifest.xml:27:9-33:20
	android:label
		ADDED from src\main\AndroidManifest.xml:29:13-64
	android:name
		ADDED from src\main\AndroidManifest.xml:28:13-81
meta-data#android.support.PARENT_ACTIVITY
ADDED from src\main\AndroidManifest.xml:30:13-32:92
	android:value
		ADDED from src\main\AndroidManifest.xml:32:17-89
	android:name
		ADDED from src\main\AndroidManifest.xml:31:17-63
activity#com.example.vinothramss.Sher_Lock.LockActivity
ADDED from src\main\AndroidManifest.xml:34:9-59
	android:name
		ADDED from src\main\AndroidManifest.xml:34:19-47